TN:
SF:src/SimpleStaking.sol
FN:31,SimpleStaking.
FNDA:0,SimpleStaking.
DA:35,0
DA:35,0
BRDA:35,0,0,-
BRDA:35,0,1,-
DA:36,0
DA:36,0
DA:38,0
DA:38,0
FN:51,SimpleStaking.stake
FNDA:16,SimpleStaking.stake
DA:53,16
DA:53,16
BRDA:53,1,0,1
BRDA:53,1,1,15
DA:54,15
DA:54,15
DA:57,15
DA:57,15
DA:60,15
DA:60,15
DA:62,15
DA:62,15
DA:63,15
DA:63,15
DA:65,15
DA:65,15
DA:67,15
DA:67,15
DA:69,15
DA:69,15
DA:72,15
DA:72,15
FN:79,SimpleStaking.unstake
FNDA:5,SimpleStaking.unstake
DA:80,5
DA:80,5
BRDA:80,2,0,1
BRDA:80,2,1,4
DA:82,4
DA:82,4
DA:86,4
DA:86,4
BRDA:86,3,0,1
BRDA:86,3,1,3
DA:89,3
DA:89,3
DA:91,3
DA:91,3
DA:91,3
DA:95,3
DA:95,3
DA:95,3
DA:98,3
DA:98,3
DA:99,3
DA:99,3
DA:102,3
DA:102,3
FN:112,SimpleStaking.stakeBehalf
FNDA:4,SimpleStaking.stakeBehalf
DA:114,4
DA:114,4
DA:116,4
DA:116,4
DA:116,4
BRDA:116,4,0,1
BRDA:116,4,1,3
DA:118,3
DA:118,3
BRDA:118,5,0,1
BRDA:118,5,1,2
DA:119,2
DA:119,2
BRDA:119,6,0,1
BRDA:119,6,1,1
DA:121,1
DA:121,1
DA:122,1
DA:122,1
DA:122,1
DA:122,6
DA:124,5
DA:124,5
DA:124,5
DA:127,5
DA:127,5
DA:128,5
DA:128,5
DA:132,5
DA:132,5
DA:133,5
DA:133,5
DA:135,5
DA:135,5
DA:136,5
DA:136,5
DA:139,5
DA:139,5
DA:140,5
DA:140,5
DA:143,1
DA:143,1
DA:145,1
DA:145,1
FN:156,SimpleStaking._updatePool
FNDA:19,SimpleStaking._updatePool
DA:157,19
DA:157,19
BRDA:157,7,0,6
BRDA:157,7,1,7
DA:157,7
BRDA:157,8,0,6
BRDA:157,8,1,7
DA:158,6
DA:158,6
DA:160,6
DA:160,6
DA:163,6
DA:163,6
DA:163,6
DA:165,6
DA:165,6
DA:166,19
DA:166,19
FN:169,SimpleStaking._updateUserCumulativeWeight
FNDA:23,SimpleStaking._updateUserCumulativeWeight
DA:174,23
DA:174,23
DA:177,23
DA:177,23
BRDA:177,9,0,17
BRDA:177,9,1,6
DA:177,17
DA:179,17
DA:179,17
DA:181,6
DA:181,6
BRDA:181,10,0,3
BRDA:181,10,1,3
DA:181,3
BRDA:181,11,0,3
BRDA:181,11,1,3
DA:188,3
DA:188,3
DA:188,3
DA:189,3
DA:189,3
DA:191,3
DA:191,3
DA:192,3
DA:192,3
DA:193,6
DA:193,6
DA:193,6
FN:195,SimpleStaking._getTimeDelta
FNDA:11,SimpleStaking._getTimeDelta
DA:200,11
DA:200,11
DA:200,11
BRDA:200,12,0,-
BRDA:200,12,1,11
DA:202,0
DA:202,0
DA:204,11
DA:204,11
FN:215,SimpleStaking.getMocaToken
FNDA:1,SimpleStaking.getMocaToken
DA:216,1
DA:216,1
DA:216,1
FN:217,SimpleStaking.getStartTime
FNDA:2,SimpleStaking.getStartTime
DA:219,2
DA:219,2
FN:220,SimpleStaking.getTotalStaked
FNDA:8,SimpleStaking.getTotalStaked
DA:224,8
DA:224,8
FN:225,SimpleStaking.getTotalCumulativeWeight
FNDA:4,SimpleStaking.getTotalCumulativeWeight
DA:229,4
DA:229,4
FN:231,SimpleStaking.getPoolLastUpdateTimestamp
FNDA:6,SimpleStaking.getPoolLastUpdateTimestamp
DA:235,6
DA:235,6
FN:236,SimpleStaking.getUser
FNDA:13,SimpleStaking.getUser
DA:240,13
DA:240,13
FN:241,SimpleStaking.getUserCumulativeWeight
FNDA:4,SimpleStaking.getUserCumulativeWeight
DA:245,4
DA:245,4
DA:246,4
DA:246,4
BRDA:246,13,0,1
BRDA:246,13,1,3
DA:249,4
DA:249,4
BRDA:249,14,0,1
BRDA:249,14,1,3
DA:250,1
DA:250,1
DA:250,1
DA:252,1
DA:252,1
DA:254,1
DA:254,1
DA:255,1
DA:255,1
DA:258,3
DA:258,3
FN:261,SimpleStaking.getPoolCumulativeWeight
FNDA:4,SimpleStaking.getPoolCumulativeWeight
DA:265,4
DA:265,4
BRDA:265,15,0,1
BRDA:265,15,1,3
DA:266,1
DA:266,1
DA:266,1
DA:269,1
DA:269,1
DA:270,1
DA:270,1
DA:270,1
DA:274,3
DA:274,3
FNF:15
FNH:14
LF:76
LH:72
BRF:32
BRH:29
end_of_record
TN:
SF:test/SimpleStakingTest.s.sol
FN:425,StateT12.setUp
FNDA:1,StateT12.setUp
DA:426,1
DA:426,1
DA:426,1
DA:428,1
DA:428,1
DA:428,1
FN:256,StateT01.setUp
FNDA:9,StateT01.setUp
DA:257,9
DA:257,9
DA:257,9
DA:259,9
DA:259,9
DA:259,9
FN:309,StateT10.setUp
FNDA:6,StateT10.setUp
DA:309,6
DA:309,6
DA:311,6
DA:311,6
FN:29,StateZero.setUp
FNDA:21,StateZero.setUp
DA:31,21
DA:31,21
DA:34,21
DA:34,21
DA:35,21
DA:35,21
DA:36,21
DA:36,21
DA:37,21
DA:37,21
DA:40,21
DA:40,21
DA:40,21
DA:41,21
DA:41,21
DA:43,21
DA:43,21
DA:46,21
DA:46,21
DA:47,21
DA:47,21
DA:50,21
DA:50,21
DA:51,21
DA:51,21
DA:52,21
DA:52,21
DA:53,21
DA:53,21
DA:54,21
DA:54,21
DA:57,21
DA:57,21
DA:57,21
DA:60,21
DA:60,21
DA:60,21
DA:63,21
DA:63,21
FN:380,StateT11.setUp
FNDA:3,StateT11.setUp
DA:382,3
DA:382,3
DA:383,3
DA:383,3
DA:383,3
DA:384,3
DA:384,3
FNF:5
FNH:5
LF:27
LH:27
BRF:0
BRH:0
end_of_record
