TN:
SF:src/SimpleStaking.sol
FN:31,SimpleStaking.
FNDA:0,SimpleStaking.
DA:35,0
DA:35,0
BRDA:35,0,0,-
BRDA:35,0,1,-
DA:36,0
DA:36,0
DA:38,0
DA:38,0
DA:40,0
DA:40,0
FN:52,SimpleStaking.stake
FNDA:16,SimpleStaking.stake
DA:54,16
DA:54,16
BRDA:54,1,0,1
BRDA:54,1,1,15
DA:55,15
DA:55,15
DA:58,15
DA:58,15
DA:61,15
DA:61,15
DA:63,15
DA:63,15
DA:64,15
DA:64,15
DA:66,15
DA:66,15
DA:68,15
DA:68,15
DA:70,15
DA:70,15
DA:72,15
DA:72,15
FN:80,SimpleStaking.unstake
FNDA:5,SimpleStaking.unstake
DA:81,5
DA:81,5
BRDA:81,2,0,1
BRDA:81,2,1,4
DA:83,4
DA:83,4
DA:86,4
DA:86,4
BRDA:86,3,0,1
BRDA:86,3,1,3
DA:90,3
DA:90,3
DA:92,3
DA:92,3
DA:92,3
DA:96,3
DA:96,3
DA:96,3
DA:99,3
DA:99,3
DA:100,3
DA:100,3
DA:103,3
DA:103,3
FN:113,SimpleStaking.stakeBehalf
FNDA:4,SimpleStaking.stakeBehalf
DA:115,4
DA:115,4
DA:117,4
DA:117,4
DA:117,4
BRDA:117,4,0,1
BRDA:117,4,1,3
DA:119,3
DA:119,3
BRDA:119,5,0,1
BRDA:119,5,1,2
DA:120,2
DA:120,2
BRDA:120,6,0,1
BRDA:120,6,1,1
DA:122,1
DA:122,1
DA:123,1
DA:123,1
DA:123,1
DA:123,6
DA:125,5
DA:125,5
DA:125,5
DA:128,5
DA:128,5
DA:129,5
DA:129,5
DA:133,5
DA:133,5
DA:134,5
DA:134,5
DA:136,5
DA:136,5
DA:137,5
DA:137,5
DA:140,5
DA:140,5
DA:141,5
DA:141,5
DA:143,1
DA:143,1
DA:146,1
DA:146,1
FN:157,SimpleStaking._updatePool
FNDA:19,SimpleStaking._updatePool
DA:158,19
DA:158,19
BRDA:158,7,0,6
BRDA:158,7,1,7
DA:158,7
BRDA:158,8,0,6
BRDA:158,8,1,7
DA:159,6
DA:159,6
DA:161,6
DA:161,6
DA:164,6
DA:164,6
DA:164,6
DA:166,6
DA:166,6
DA:167,19
DA:167,19
FN:170,SimpleStaking._updateUserCumulativeWeight
FNDA:23,SimpleStaking._updateUserCumulativeWeight
DA:175,23
DA:175,23
DA:178,23
DA:178,23
BRDA:178,9,0,17
BRDA:178,9,1,6
DA:178,17
DA:180,17
DA:180,17
DA:182,6
DA:182,6
BRDA:182,10,0,3
BRDA:182,10,1,3
DA:182,3
BRDA:182,11,0,3
BRDA:182,11,1,3
DA:188,3
DA:188,3
DA:189,3
DA:189,3
DA:190,3
DA:190,3
DA:192,3
DA:192,3
DA:193,3
DA:193,3
DA:194,6
DA:194,6
DA:194,6
FN:196,SimpleStaking._getTimeDelta
FNDA:11,SimpleStaking._getTimeDelta
DA:200,11
DA:200,11
DA:201,11
DA:201,11
BRDA:201,12,0,-
BRDA:201,12,1,11
DA:202,0
DA:202,0
DA:205,11
DA:205,11
FN:216,SimpleStaking.getMocaToken
FNDA:1,SimpleStaking.getMocaToken
DA:217,1
DA:217,1
DA:217,1
FN:218,SimpleStaking.getStartTime
FNDA:2,SimpleStaking.getStartTime
DA:220,2
DA:220,2
FN:221,SimpleStaking.getTotalStaked
FNDA:8,SimpleStaking.getTotalStaked
DA:225,8
DA:225,8
FN:226,SimpleStaking.getTotalCumulativeWeight
FNDA:4,SimpleStaking.getTotalCumulativeWeight
DA:230,4
DA:230,4
FN:232,SimpleStaking.getPoolLastUpdateTimestamp
FNDA:6,SimpleStaking.getPoolLastUpdateTimestamp
DA:236,6
DA:236,6
FN:237,SimpleStaking.getUser
FNDA:13,SimpleStaking.getUser
DA:241,13
DA:241,13
FN:242,SimpleStaking.getUserCumulativeWeight
FNDA:4,SimpleStaking.getUserCumulativeWeight
DA:246,4
DA:246,4
DA:247,4
DA:247,4
BRDA:247,13,0,1
BRDA:247,13,1,3
DA:250,4
DA:250,4
BRDA:250,14,0,1
BRDA:250,14,1,3
DA:251,1
DA:251,1
DA:251,1
DA:253,1
DA:253,1
DA:255,1
DA:255,1
DA:256,1
DA:256,1
DA:259,3
DA:259,3
FN:262,SimpleStaking.getPoolCumulativeWeight
FNDA:4,SimpleStaking.getPoolCumulativeWeight
DA:266,4
DA:266,4
BRDA:266,15,0,1
BRDA:266,15,1,3
DA:267,1
DA:267,1
DA:267,1
DA:270,1
DA:270,1
DA:271,1
DA:271,1
DA:271,1
DA:275,3
DA:275,3
FNF:15
FNH:14
LF:79
LH:74
BRF:32
BRH:29
end_of_record
TN:
SF:test/SimpleStakingTest.s.sol
FN:425,StateT12.setUp
FNDA:1,StateT12.setUp
DA:426,1
DA:426,1
DA:426,1
DA:428,1
DA:428,1
DA:428,1
FN:256,StateT01.setUp
FNDA:9,StateT01.setUp
DA:257,9
DA:257,9
DA:257,9
DA:259,9
DA:259,9
DA:259,9
FN:29,StateZero.setUp
FNDA:21,StateZero.setUp
DA:31,21
DA:31,21
DA:34,21
DA:34,21
DA:35,21
DA:35,21
DA:36,21
DA:36,21
DA:37,21
DA:37,21
DA:40,21
DA:40,21
DA:40,21
DA:41,21
DA:41,21
DA:43,21
DA:43,21
DA:46,21
DA:46,21
DA:47,21
DA:47,21
DA:50,21
DA:50,21
DA:51,21
DA:51,21
DA:52,21
DA:52,21
DA:53,21
DA:53,21
DA:54,21
DA:54,21
DA:57,21
DA:57,21
DA:57,21
DA:60,21
DA:60,21
DA:60,21
DA:63,21
DA:63,21
FN:309,StateT10.setUp
FNDA:6,StateT10.setUp
DA:309,6
DA:309,6
DA:311,6
DA:311,6
FN:380,StateT11.setUp
FNDA:3,StateT11.setUp
DA:382,3
DA:382,3
DA:383,3
DA:383,3
DA:383,3
DA:384,3
DA:384,3
FNF:5
FNH:5
LF:27
LH:27
BRF:0
BRH:0
end_of_record
